<?xml version="1.0" encoding="UTF-8"?>
<!-- Generated by org.testng.reporters.JUnitReportReporter -->
<testsuite skipped="0" hostname="DESKTOP-4PCRIC2" name="spicejettestNG.SpicejetTestNG" tests="5" failures="0" timestamp="16 Aug 2019 18:23:39 GMT" time="10.000" errors="0">
  <testcase name="test4" time="6.372" classname="spicejettestNG.SpicejetTestNG"/>
  <testcase name="test2" time="2.699" classname="spicejettestNG.SpicejetTestNG"/>
  <testcase name="test5" time="0.043" classname="spicejettestNG.SpicejetTestNG"/>
  <testcase name="test3" time="0.368" classname="spicejettestNG.SpicejetTestNG"/>
  <testcase name="test1" time="0.518" classname="spicejettestNG.SpicejetTestNG"/>
</testsuite> <!-- spicejettestNG.SpicejetTestNG -->
